SF:lib\src\core\libs_adapters\interfaces\i_http_adapter.dart
DA:27,1
LF:1
LH:1
end_of_record
SF:lib\src\features\home\data\external\apis\movie_api_external.dart
DA:11,1
DA:15,1
DA:18,2
DA:22,4
DA:24,2
LF:5
LH:5
end_of_record
SF:lib\src\features\home\domain\entities\errors\i_business_exception.dart
DA:5,3
DA:9,3
LF:2
LH:2
end_of_record
SF:lib\src\features\home\data\repositories\movie_repository.dart
DA:12,1
DA:16,1
DA:19,2
DA:21,2
DA:23,1
DA:24,1
DA:25,1
LF:7
LH:7
end_of_record
SF:lib\src\features\home\data\repositories\adapters\movie_adapter.dart
DA:4,1
DA:5,3
DA:7,1
DA:8,2
DA:9,1
DA:10,1
DA:11,1
LF:7
LH:7
end_of_record
SF:lib\src\features\home\domain\entities\movie_entity.dart
DA:7,4
LF:1
LH:1
end_of_record
SF:lib\src\features\home\domain\usecases\movie\list_all_movies_case.dart
DA:11,1
DA:15,1
DA:17,2
LF:3
LH:3
end_of_record
SF:lib\src\features\home\presenter\page\widgets\main_title.dart
DA:4,1
DA:6,1
LF:2
LH:2
end_of_record
SF:lib\src\features\home\presenter\states\movie_state.dart
DA:5,1
DA:9,0
DA:10,0
DA:14,0
DA:15,0
DA:20,1
DA:24,0
DA:25,0
DA:29,0
DA:30,0
LF:10
LH:2
end_of_record
SF:lib\src\features\home\presenter\stores\movie_cubit.dart
DA:8,1
DA:10,2
DA:12,1
DA:13,2
DA:15,3
DA:16,3
DA:17,3
LF:7
LH:7
end_of_record
SF:lib\src\features\home\presenter\page\widgets\movie_list.dart
DA:7,2
DA:9,1
DA:11,2
DA:13,1
DA:15,1
DA:17,1
DA:18,2
DA:20,1
DA:21,2
DA:22,1
DA:24,1
DA:25,1
DA:27,1
DA:28,1
DA:29,1
DA:35,1
DA:36,1
DA:37,1
DA:39,1
DA:43,2
DA:44,0
DA:45,0
DA:47,0
DA:49,0
DA:50,0
DA:51,0
DA:52,0
DA:53,0
DA:59,1
DA:66,1
DA:68,1
DA:70,1
DA:71,1
DA:72,2
DA:85,1
DA:86,2
DA:87,1
DA:88,1
DA:97,1
DA:98,2
DA:99,1
DA:100,2
DA:110,2
DA:111,0
LF:44
LH:35
end_of_record
SF:lib\src\features\home\presenter\page\widgets\sub_title.dart
DA:4,1
DA:6,1
LF:2
LH:2
end_of_record
