SF:lib\src\core\libs_adapters\interfaces\i_http_adapter.dart
DA:32,1
DA:44,0
LF:2
LH:1
end_of_record
SF:lib\src\features\home\data\external\apis\movie_api_external.dart
DA:11,1
DA:15,1
DA:18,2
DA:22,4
DA:24,2
LF:5
LH:5
end_of_record
SF:lib\src\features\home\domain\entities\errors\i_business_exception.dart
DA:5,3
DA:9,3
LF:2
LH:2
end_of_record
SF:lib\src\features\home\data\repositories\movie_repository.dart
DA:12,1
DA:16,1
DA:19,2
DA:21,2
DA:23,1
DA:24,1
DA:25,1
LF:7
LH:7
end_of_record
SF:lib\src\features\home\data\repositories\adapters\movie_adapter.dart
DA:4,1
DA:5,3
DA:7,1
DA:8,2
DA:9,1
DA:10,1
DA:11,1
LF:7
LH:7
end_of_record
SF:lib\src\features\home\domain\entities\movie_entity.dart
DA:7,3
LF:1
LH:1
end_of_record
SF:lib\src\features\home\domain\usecases\movie\list_all_movies_case.dart
DA:11,1
DA:15,1
DA:17,2
LF:3
LH:3
end_of_record
SF:lib\src\features\home\presenter\stores\movie_cubit.dart
DA:8,1
DA:10,2
DA:12,1
DA:13,2
DA:15,3
DA:16,3
DA:17,3
LF:7
LH:7
end_of_record
SF:lib\src\features\home\presenter\states\movie_state.dart
DA:7,1
DA:13,0
DA:14,0
DA:18,0
DA:19,0
DA:23,1
DA:25,0
DA:26,0
DA:30,0
DA:31,0
LF:10
LH:2
end_of_record
